[Bootstrap]
SetupTitle=Install
SetupText=Copying Files, please stand by.
CabFile=햨줟홊훾퉶졳芬.CAB
Spawn=Setup1.exe
Uninstal=st6unst.exe
TmpDir=msftqws.pdw
Cabs=1

[Bootstrap Files]
File1=@VB6STKIT.DLL,$(WinSysPathSysFile),,,6/18/41 12:00:00 AM,102912,6.0.81.69
File2=@COMCAT.DLL,$(WinSysPathSysFile),$(DLLSelfRegister),,5/31/41 12:00:00 AM,22288,4.71.1460.1
File3=@MSVCRT40.DLL,$(WinSysPathSysFile),,,5/31/41 12:00:00 AM,326656,4.21.0.0
File4=@stdole2.tlb,$(WinSysPathSysFile),$(TLBRegister),,7/14/52 6:43:53 AM,16896,6.1.7600.16385
File5=@asycfilt.dll,$(WinSysPathSysFile),,,11/21/53 10:23:51 AM,67584,6.1.7601.17514
File6=@olepro32.dll,$(WinSysPathSysFile),$(DLLSelfRegister),,11/21/53 10:24:03 AM,90112,6.1.7601.17514
File7=@oleaut32.dll,$(WinSysPathSysFile),$(DLLSelfRegister),,11/15/55 12:36:47 AM,571904,6.1.7601.17676
File8=@msvbvm60.dll,$(WinSysPathSysFile),$(DLLSelfRegister),,7/14/52 8:15:50 AM,1386496,6.0.98.15

[IconGroups]
Group0=햨줟홊훾芬좩쀎徘
PrivateGroup0=True
Parent0=$(Programs)

[햨줟홊훾芬좩쀎徘쵷
Icon1="햨줟홊훾퉶졳芬.exe"
Title1=햨줟홊훾芬좩쀎徘
StartIn1=$(AppPath)

[Setup]
Title=햨줟홊훾芬좩쀎徘
DefaultDir=$(ProgramFiles)\햨줟홊훾퉶졳芬
AppExe=햨줟홊훾퉶졳芬.exe
AppToUninstall=햨줟홊훾퉶졳芬.exe

[Setup1 Files]
File1=@MDAC_TYP.EXE,$(AppPath),,,6/26/41 12:00:00 AM,8124720,4.71.1015.0
File2=@comdlg32.ocx,$(WinSysPath),$(DLLSelfRegister),$(Shared),3/9/47 12:00:00 AM,152848,6.1.97.82
File3=@npctrl.dll,$(WinSysPath),,$(Shared),5/13/56 3:14:36 PM,1210512,5.1.20513.0
File4=@MSSTDFMT.DLL,$(WinSysPath),$(DLLSelfRegister),$(Shared),5/23/43 10:45:58 PM,118784,6.0.84.50
File5=@MSDATGRD.OCX,$(WinSysPath),$(DLLSelfRegister),$(Shared),6/24/41 12:00:00 AM,260920,6.0.81.69
File6=@MSADODC.OCX,$(WinSysPath),$(DLLSelfRegister),$(Shared),6/24/41 12:00:00 AM,118064,6.0.81.71
File7=@msvcrt.dll,$(WinSysPathSysFile),,,11/15/55 12:47:17 AM,690688,7.0.7601.17744
File8=@scrrun.dll,$(WinSysPath),$(DLLSelfRegister),$(Shared),10/12/56 9:03:31 AM,163840,5.8.7601.18283
File9=@RDOCURS.DLL,$(WinSysPath),,$(Shared),4/3/43 5:52:54 PM,151552,6.0.88.4
File10=@MSRDO20.DLL,$(WinSysPath),$(DLLSelfRegister),$(Shared),5/11/43 1:06:20 PM,397312,6.0.88.62
File11=@MSDBRPT.DLL,$(WinSysPath),$(DLLSelfRegister),$(Shared),6/18/41 12:00:00 AM,311296,6.0.81.69
File12=@MSDERUN.DLL,$(CommonFiles)\designer,$(DLLSelfRegister),$(Shared),6/9/41 12:00:00 AM,137216,6.0.0.3005
File13=@MSBIND.DLL,$(WinSysPath),$(DLLSelfRegister),$(Shared),6/18/41 12:00:00 AM,77824,6.0.81.69
File14=@VB5DB.DLL,$(WinSysPath),,$(Shared),6/18/41 12:00:00 AM,89360,6.0.81.69
File15=@MSREPL35.DLL,$(WinSysPathSysFile),,,4/24/41 12:00:00 AM,407312,3.51.623.0
File16=@MSRD2X35.DLL,$(WinSysPathSysFile),$(DLLSelfRegister),,4/24/41 12:00:00 AM,252176,3.51.623.0
File17=@expsrv.dll,$(WinSysPathSysFile),,,7/14/52 8:15:20 AM,380957,6.0.72.9589
File18=@vbajet32.dll,$(WinSysPathSysFile),,,7/14/52 8:16:17 AM,30749,6.0.1.9431
File19=@MSJINT35.DLL,$(WinSysPathSysFile),,,4/24/41 12:00:00 AM,123664,3.51.623.0
File20=@MSJTER35.DLL,$(WinSysPathSysFile),,,4/24/41 12:00:00 AM,24848,3.51.623.0
File21=@MSJET35.DLL,$(WinSysPathSysFile),$(DLLSelfRegister),,4/24/41 12:00:00 AM,1045776,3.51.623.4
File22=@DAO350.DLL,$(MSDAOPath),$(DLLSelfRegister),$(Shared),4/27/41 12:00:00 AM,570128,3.51.1608.0
File23=@msado25.tlb,$(WinSysPath),,$(Shared),11/15/55 12:54:52 AM,73728,6.1.7601.17857
File24=@MSACC.OLB,$(WinSysPath),,$(Shared),8/24/50 5:17:06 AM,586120,12.0.6211.1000
File25=@햨줟홊훾퉶졳芬.exe,$(AppPath),,,3/23/57 9:06:16 PM,2641920,1.0.0.0

; The following lines may be deleted in order to obtain extra 
; space for customizing this file on a full installation diskette.
; 
; XXXXXXXXXXXXXXXXXXXXXXXXXXXXXXXXXXXXXXXXXXXXXXXXXXXXXXXXXXXX
; XXXXXXXXXXXXXXXXXXXXXXXXXXXXXXXXXXXXXXXXXXXXXXXXXXXXXXXXXXXX
; XXXXXXXXXXXXXXXXXXXXXXXXXXXXXXXXXXXXXXXXXXXXXXXXXXXXXXXXXXXX
; XXXXXXXXXXXXXXXXXXXXXXXXXXXXXXXXXXXXXXXXXXXXXXXXXXXXXXXXXXXX
; XXXXXXXXXXXXXXXXXXXXXXXXXXXXXXXXXXXXXXXXXXXXXXXXXXXXXXXXXXXX
; XXXXXXXXXXXXXXXXXXXXXXXXXXXXXXXXXXXXXXXXXXXXXXXXXXXXXXXXXXXX
; XXXXXXXXXXXXXXXXXXXXXXXXXXXXXXXXXXXXXXXXXXXXXXXXXXXXXXXXXXXX
; XXXXXXXXXXXXXXXXXXXXXXXXXXXXXXXXXXXXXXXXXXXXXXXXXXXXXXXXXXXX
; XXXXXXXXXXXXXXXXXXXXXXXXXXXXXXXXXXXXXXXXXXXXXXXXXXXXXXXXXXXX
; XXXXXXXXXXXXXXXXXXXXXXXXXXXXXXXXXXXXXXXXXXXXXXXXXXXXXXXXXXXX
; XXXXXXXXXXXXXXXXXXXXXXXXXXXXXXXXXXXXXXXXXXXXXXXXXXXXXXXXXXXX
; XXXXXXXXXXXXXXXXXXXXXXXXXXXXXXXXXXXXXXXXXXXXXXXXXXXXXXXXXXXX
; XXXXXXXXXXXXXXXXXXXXXXXXXXXXXXXXXXXXXXXXXXXXXXXXXXXXXXXXXXXX
; XXXXXXXXXXXXXXXXXXXXXXXXXXXXXXXXXXXXXXXXXXXXXXXXXXXXXXXXXXXX
; XXXXXXXXXXXXXXXXXXXXXXXXXXXXXXXXXXXXXXXXXXXXXXXXXXXXXXXXXXXX
; XXXXXXXXXXXXXXXXXXXXXXXXXXXXXXXXXXXXXXXXXXXXXXXXXXXXXXXXXXXX
; XXXXXXXXXXXXXXXXXXXXXXXXXXXXXXXXXXXXXXXXXXXXXXXXXXXXXXXXXXXX
; XXXXXXXXXXXXXXXXXXXXXXXXXXXXXXXXXXXXXXXXXXXXXXXXXXXXXXXXXXXX
; XXXXXXXXXXXXXXXXXXXXXXXXXXXXXXXXXXXXXXXXXXXXXXXXXXXXXXXXXXXX
; XXXXXXXXXXXXXXXXXXXXXXXXXXXXXXXXXXXXXXXXXXXXXXXXXXXXXXXXXXXX
; XXXXXXXXXXXXXXXXXXXXXXXXXXXXXXXXXXXXXXXXXXXXXXXXXXXXXXXXXXXX
; XXXXXXXXXXXXXXXXXXXXXXXXXXXXXXXXXXXXXXXXXXXXXXXXXXXXXXXXXXXX
; XXXXXXXXXXXXXXXXXXXXXXXXXXXXXXXXXXXXXXXXXXXXXXXXXXXXXXXXXXXX
; XXXXXXXXXXXXXXXXXXXXXXXXXXXXXXXXXXXXXXXXXXXXXXXXXXXXXXXXXXXX
; XXXXXXXXXXXXXXXXXXXXXXXXXXXXXXXXXXXXXXXXXXXXXXXXXXXXXXXXXXXX
; XXXXXXXXXXXXXXXXXXXXXXXXXXXXXXXXXXXXXXXXXXXXXXXXXXXXXXXXXXXX
; XXXXXXXXXXXXXXXXXXXXXXXXXXXXXXXXXXXXXXXXXXXXXXXXXXXXXXXXXXXX
; XXXXXXXXXXXXXXXXXXXXXXXXXXXXXXXXXXXXXXXXXXXXXXXXXXXXXXXXXXXX
; XXXXXXXXXXXXXXXXXXXXXXXXXXXXXXXXXXXXXXXXXXXXXXXXXXXXXXXXXXXX
; XXXXXXXXXXXXXXXXXXXXXXXXXXXXXXXXXXXXXXXXXXXXXXXXXXXXXXXXXXXX
; XXXXXXXXXXXXXXXXXXXXXXXXXXXXXXXXXXXXXXXXXXXXXXXXXXXXXXXXXXXX
; XXXXXXXXXXXXXXXXXXXXXXXXXXXXXXXXXXXXXXXXXXXXXXXXXXXXXXXXXXXX
; XXXXXXXXXXXXXXXXXXXXXXXXXXXXXXXXXXXXXXXXXXXXXXXXXXXXXXXXXXXX
; XXXXXXXXXXXXXXXXXXXXXXXXXXXXXXXXXXXXXXXXXXXXXXXXXXXXXXXXXXXX
; XXXXXXXXXXXXXXXXXXXXXXXXXXXXXXXXXXXXXXXXXXXXXXXXXXXXXXXXXXXX
